<?xml version="1.0" encoding="UTF-8"?>
<!-- Generated by org.testng.reporters.JUnitXMLReporter -->
<testsuite hostname="GOA-PC" name="Default test" tests="5" failures="0" timestamp="10 Nov 2017 03:22:20 GMT" time="0.042" errors="0">
  <testcase name="createAccount" time="0.009" classname="com.test.BankTest"/>
  <testcase name="createAccount" time="0.001" classname="com.test.BankTest"/>
  <testcase name="createAccount" time="0.001" classname="com.test.BankTest"/>
  <testcase name="createAccount" time="0.001" classname="com.test.BankTest"/>
  <testcase name="createAccount" time="0.0" classname="com.test.BankTest"/>
</testsuite> <!-- Default test -->
