<?xml version="1.0" encoding="UTF-8"?>
<!-- Generated by org.testng.reporters.JUnitReportReporter -->
<testsuite hostname="GOA-PC" name="com.test.BankTest" tests="5" failures="0" timestamp="10 Nov 2017 03:22:21 GMT" time="0.012" errors="0">
  <testcase name="createAccount" time="0.001" classname="com.test.BankTest"/>
  <testcase name="createAccount" time="0.001" classname="com.test.BankTest"/>
  <testcase name="createAccount" time="0.000" classname="com.test.BankTest"/>
  <testcase name="createAccount" time="0.001" classname="com.test.BankTest"/>
  <testcase name="createAccount" time="0.009" classname="com.test.BankTest"/>
</testsuite> <!-- com.test.BankTest -->
